<?xml version="1.0" encoding="UTF-8"?>
<!-- Generated by org.testng.reporters.JUnitReportReporter -->
<testsuite skipped="0" hostname="6b7a960b4006" name="com.automationpractice.tests.EndToEndTestCases" tests="6" failures="0" timestamp="09 Jul 2020 22:29:19 GMT" time="25.134" errors="0">
  <testcase name="testForAddress" time="1.085" classname="com.automationpractice.tests.EndToEndTestCases"/>
  <testcase name="LoginWithValidCredentials" time="8.792" classname="com.automationpractice.tests.EndToEndTestCases"/>
  <testcase name="testAddProductToCart" time="5.581" classname="com.automationpractice.tests.EndToEndTestCases"/>
  <testcase name="testForOrderConfirmation" time="6.258" classname="com.automationpractice.tests.EndToEndTestCases"/>
  <testcase name="testForShipping" time="1.352" classname="com.automationpractice.tests.EndToEndTestCases"/>
  <testcase name="testForPayment" time="2.066" classname="com.automationpractice.tests.EndToEndTestCases"/>
</testsuite> <!-- com.automationpractice.tests.EndToEndTestCases -->
