<?xml version="1.0" encoding="UTF-8"?>
<!-- Generated by org.testng.reporters.JUnitReportReporter -->
<testsuite skipped="0" hostname="6b7a960b4006" name="com.automationpractice.tests.LoginTest" tests="1" failures="0" timestamp="09 Jul 2020 22:29:19 GMT" time="10.063" errors="0">
  <testcase name="testForLoginWithValidCredentials" time="10.063" classname="com.automationpractice.tests.LoginTest"/>
</testsuite> <!-- com.automationpractice.tests.LoginTest -->
