<?xml version="1.0" encoding="UTF-8"?>
<!-- Generated by org.testng.reporters.JUnitReportReporter -->
<testsuite skipped="0" hostname="a972b5e34e10" name="com.devexpress.tests.FeedbackTest" tests="1" failures="0" timestamp="09 Jul 2020 22:28:34 GMT" time="4.501" errors="0">
  <testcase name="testForFeedback" time="4.501" classname="com.devexpress.tests.FeedbackTest"/>
</testsuite> <!-- com.devexpress.tests.FeedbackTest -->
